Determining if the pthread_create exist failed with the following output:
Change Dir: /home/harvey/CppProjects/GrowingGraphOptimization/build/CMakeFiles/CMakeTmp

Run Build Command(s):/usr/bin/make cmTC_1c1be/fast 
/usr/bin/make -f CMakeFiles/cmTC_1c1be.dir/build.make CMakeFiles/cmTC_1c1be.dir/build
make[1]: 进入目录“/home/harvey/CppProjects/GrowingGraphOptimization/build/CMakeFiles/CMakeTmp”
Building C object CMakeFiles/cmTC_1c1be.dir/CheckSymbolExists.c.o
/usr/bin/cc    -o CMakeFiles/cmTC_1c1be.dir/CheckSymbolExists.c.o   -c /home/harvey/CppProjects/GrowingGraphOptimization/build/CMakeFiles/CMakeTmp/CheckSymbolExists.c
Linking C executable cmTC_1c1be
/opt/cmake-3.14.5-Linux-x86_64/bin/cmake -E cmake_link_script CMakeFiles/cmTC_1c1be.dir/link.txt --verbose=1
/usr/bin/cc      -rdynamic CMakeFiles/cmTC_1c1be.dir/CheckSymbolExists.c.o  -o cmTC_1c1be 
CMakeFiles/cmTC_1c1be.dir/CheckSymbolExists.c.o：在函数‘main’中：
CheckSymbolExists.c:(.text+0x1b)：对‘pthread_create’未定义的引用
collect2: error: ld returned 1 exit status
CMakeFiles/cmTC_1c1be.dir/build.make:86: recipe for target 'cmTC_1c1be' failed
make[1]: *** [cmTC_1c1be] Error 1
make[1]: 离开目录“/home/harvey/CppProjects/GrowingGraphOptimization/build/CMakeFiles/CMakeTmp”
Makefile:121: recipe for target 'cmTC_1c1be/fast' failed
make: *** [cmTC_1c1be/fast] Error 2

File /home/harvey/CppProjects/GrowingGraphOptimization/build/CMakeFiles/CMakeTmp/CheckSymbolExists.c:
/* */
#include <pthread.h>

int main(int argc, char** argv)
{
  (void)argv;
#ifndef pthread_create
  return ((int*)(&pthread_create))[argc];
#else
  (void)argc;
  return 0;
#endif
}

Determining if the function pthread_create exists in the pthreads failed with the following output:
Change Dir: /home/harvey/CppProjects/GrowingGraphOptimization/build/CMakeFiles/CMakeTmp

Run Build Command(s):/usr/bin/make cmTC_74739/fast 
/usr/bin/make -f CMakeFiles/cmTC_74739.dir/build.make CMakeFiles/cmTC_74739.dir/build
make[1]: 进入目录“/home/harvey/CppProjects/GrowingGraphOptimization/build/CMakeFiles/CMakeTmp”
Building C object CMakeFiles/cmTC_74739.dir/CheckFunctionExists.c.o
/usr/bin/cc   -DCHECK_FUNCTION_EXISTS=pthread_create   -o CMakeFiles/cmTC_74739.dir/CheckFunctionExists.c.o   -c /opt/cmake-3.14.5-Linux-x86_64/share/cmake-3.14/Modules/CheckFunctionExists.c
Linking C executable cmTC_74739
/opt/cmake-3.14.5-Linux-x86_64/bin/cmake -E cmake_link_script CMakeFiles/cmTC_74739.dir/link.txt --verbose=1
/usr/bin/cc  -DCHECK_FUNCTION_EXISTS=pthread_create    -rdynamic CMakeFiles/cmTC_74739.dir/CheckFunctionExists.c.o  -o cmTC_74739 -lpthreads 
/usr/bin/ld: 找不到 -lpthreads
collect2: error: ld returned 1 exit status
CMakeFiles/cmTC_74739.dir/build.make:86: recipe for target 'cmTC_74739' failed
make[1]: *** [cmTC_74739] Error 1
make[1]: 离开目录“/home/harvey/CppProjects/GrowingGraphOptimization/build/CMakeFiles/CMakeTmp”
Makefile:121: recipe for target 'cmTC_74739/fast' failed
make: *** [cmTC_74739/fast] Error 2


